#! /opt/local/bin/vvp
:ivl_version "11.0 (stable)" "(v11_0)";
:ivl_delay_selection "TYPICAL";
:vpi_time_precision + 0;
:vpi_module "/opt/local/lib/ivl/system.vpi";
:vpi_module "/opt/local/lib/ivl/vhdl_sys.vpi";
:vpi_module "/opt/local/lib/ivl/vhdl_textio.vpi";
:vpi_module "/opt/local/lib/ivl/v2005_math.vpi";
:vpi_module "/opt/local/lib/ivl/va_math.vpi";
S_0x125704170 .scope module, "uart_tx" "uart_tx" 2 6;
 .timescale 0 0;
    .port_info 0 /INPUT 1 "clk";
    .port_info 1 /INPUT 1 "reset";
    .port_info 2 /INPUT 1 "tx_start";
    .port_info 3 /INPUT 8 "data_in";
    .port_info 4 /OUTPUT 1 "txd";
    .port_info 5 /OUTPUT 1 "tx_done";
L_0x125714a90 .functor BUFZ 1, v0x125715880_0, C4<0>, C4<0>, C4<0>;
L_0x1180400a0 .functor BUFT 1, C4<000000000000>, C4<0>, C4<0>, C4<0>;
v0x125704450_0 .net/2u *"_ivl_10", 11 0, L_0x1180400a0;  1 drivers
L_0x1180400e8 .functor BUFT 1, C4<000000000001>, C4<0>, C4<0>, C4<0>;
v0x125714510_0 .net/2u *"_ivl_12", 11 0, L_0x1180400e8;  1 drivers
v0x1257145b0_0 .net *"_ivl_14", 11 0, L_0x125715e00;  1 drivers
v0x125714660_0 .net *"_ivl_18", 31 0, L_0x1257160c0;  1 drivers
v0x125714710_0 .net *"_ivl_2", 31 0, L_0x125715b10;  1 drivers
L_0x118040130 .functor BUFT 1, C4<00000000000000000000>, C4<0>, C4<0>, C4<0>;
v0x125714800_0 .net *"_ivl_21", 19 0, L_0x118040130;  1 drivers
L_0x118040178 .functor BUFT 1, C4<00000000000000000000101000101100>, C4<0>, C4<0>, C4<0>;
v0x1257148b0_0 .net/2u *"_ivl_22", 31 0, L_0x118040178;  1 drivers
v0x125714960_0 .net *"_ivl_24", 0 0, L_0x1257161e0;  1 drivers
L_0x1180401c0 .functor BUFT 1, C4<01>, C4<0>, C4<0>, C4<0>;
v0x125714a00_0 .net/2s *"_ivl_26", 1 0, L_0x1180401c0;  1 drivers
L_0x118040208 .functor BUFT 1, C4<00>, C4<0>, C4<0>, C4<0>;
v0x125714b10_0 .net/2s *"_ivl_28", 1 0, L_0x118040208;  1 drivers
v0x125714bc0_0 .net *"_ivl_30", 1 0, L_0x125716300;  1 drivers
L_0x118040010 .functor BUFT 1, C4<00000000000000000000>, C4<0>, C4<0>, C4<0>;
v0x125714c70_0 .net *"_ivl_5", 19 0, L_0x118040010;  1 drivers
L_0x118040058 .functor BUFT 1, C4<00000000000000000000101000101100>, C4<0>, C4<0>, C4<0>;
v0x125714d20_0 .net/2u *"_ivl_6", 31 0, L_0x118040058;  1 drivers
v0x125714dd0_0 .net *"_ivl_8", 0 0, L_0x125715cc0;  1 drivers
o0x1180082b0 .functor BUFZ 1, C4<z>; HiZ drive
v0x125714e70_0 .net "clk", 0 0, o0x1180082b0;  0 drivers
v0x125714f10_0 .var "count_next", 3 0;
v0x125714fc0_0 .var "count_reg", 3 0;
o0x118008340 .functor BUFZ 8, C4<zzzzzzzz>; HiZ drive
v0x125715150_0 .net "data_in", 7 0, o0x118008340;  0 drivers
v0x1257151e0_0 .var "ns", 2 0;
v0x125715290_0 .var "ps", 2 0;
v0x125715340_0 .var "q", 11 0;
v0x1257153f0_0 .net "q_next", 11 0, L_0x125715f60;  1 drivers
o0x118008430 .functor BUFZ 1, C4<z>; HiZ drive
v0x1257154a0_0 .net "reset", 0 0, o0x118008430;  0 drivers
v0x125715540_0 .var "sbuf_next", 7 0;
v0x1257155f0_0 .var "sbuf_reg", 7 0;
v0x1257156a0_0 .net "tick", 0 0, L_0x125716460;  1 drivers
v0x125715740_0 .var "tx_done", 0 0;
v0x1257157e0_0 .var "tx_next", 0 0;
v0x125715880_0 .var "tx_reg", 0 0;
o0x118008580 .functor BUFZ 1, C4<z>; HiZ drive
v0x125715920_0 .net "tx_start", 0 0, o0x118008580;  0 drivers
v0x1257159c0_0 .net "txd", 0 0, L_0x125714a90;  1 drivers
E_0x1257043b0 .event posedge, v0x1257154a0_0, v0x125714e70_0;
E_0x1257043e0/0 .event edge, v0x125715290_0, v0x1257155f0_0, v0x125714fc0_0, v0x125715880_0;
E_0x1257043e0/1 .event edge, v0x125715920_0, v0x1257156a0_0, v0x125715150_0;
E_0x1257043e0 .event/or E_0x1257043e0/0, E_0x1257043e0/1;
L_0x125715b10 .concat [ 12 20 0 0], v0x125715340_0, L_0x118040010;
L_0x125715cc0 .cmp/eq 32, L_0x125715b10, L_0x118040058;
L_0x125715e00 .arith/sum 12, v0x125715340_0, L_0x1180400e8;
L_0x125715f60 .functor MUXZ 12, L_0x125715e00, L_0x1180400a0, L_0x125715cc0, C4<>;
L_0x1257160c0 .concat [ 12 20 0 0], v0x125715340_0, L_0x118040130;
L_0x1257161e0 .cmp/eq 32, L_0x1257160c0, L_0x118040178;
L_0x125716300 .functor MUXZ 2, L_0x118040208, L_0x1180401c0, L_0x1257161e0, C4<>;
L_0x125716460 .part L_0x125716300, 0, 1;
    .scope S_0x125704170;
T_0 ;
    %wait E_0x1257043b0;
    %load/vec4 v0x1257154a0_0;
    %flag_set/vec4 8;
    %jmp/0xz  T_0.0, 8;
    %pushi/vec4 0, 0, 3;
    %assign/vec4 v0x125715290_0, 0;
    %pushi/vec4 0, 0, 8;
    %assign/vec4 v0x1257155f0_0, 0;
    %pushi/vec4 0, 0, 4;
    %assign/vec4 v0x125714fc0_0, 0;
    %pushi/vec4 1, 0, 1;
    %assign/vec4 v0x125715880_0, 0;
    %pushi/vec4 0, 0, 1;
    %assign/vec4 v0x125715740_0, 0;
    %jmp T_0.1;
T_0.0 ;
    %load/vec4 v0x1257151e0_0;
    %assign/vec4 v0x125715290_0, 0;
    %load/vec4 v0x125715540_0;
    %assign/vec4 v0x1257155f0_0, 0;
    %load/vec4 v0x125714f10_0;
    %assign/vec4 v0x125714fc0_0, 0;
    %load/vec4 v0x1257157e0_0;
    %assign/vec4 v0x125715880_0, 0;
    %load/vec4 v0x125715290_0;
    %cmpi/e 3, 0, 3;
    %jmp/0xz  T_0.2, 4;
    %pushi/vec4 1, 0, 1;
    %assign/vec4 v0x125715740_0, 0;
    %jmp T_0.3;
T_0.2 ;
    %pushi/vec4 0, 0, 1;
    %assign/vec4 v0x125715740_0, 0;
T_0.3 ;
T_0.1 ;
    %jmp T_0;
    .thread T_0;
    .scope S_0x125704170;
T_1 ;
    %wait E_0x1257043e0;
    %load/vec4 v0x125715290_0;
    %store/vec4 v0x1257151e0_0, 0, 3;
    %load/vec4 v0x1257155f0_0;
    %store/vec4 v0x125715540_0, 0, 8;
    %load/vec4 v0x125714fc0_0;
    %store/vec4 v0x125714f10_0, 0, 4;
    %load/vec4 v0x125715880_0;
    %store/vec4 v0x1257157e0_0, 0, 1;
    %load/vec4 v0x125715290_0;
    %dup/vec4;
    %pushi/vec4 0, 0, 3;
    %cmp/u;
    %jmp/1 T_1.0, 6;
    %dup/vec4;
    %pushi/vec4 1, 0, 3;
    %cmp/u;
    %jmp/1 T_1.1, 6;
    %dup/vec4;
    %pushi/vec4 2, 0, 3;
    %cmp/u;
    %jmp/1 T_1.2, 6;
    %dup/vec4;
    %pushi/vec4 3, 0, 3;
    %cmp/u;
    %jmp/1 T_1.3, 6;
    %pushi/vec4 0, 0, 3;
    %store/vec4 v0x1257151e0_0, 0, 3;
    %jmp T_1.5;
T_1.0 ;
    %vpi_call 2 53 "$display", $time, " -----  idle state--------" {0 0 0};
    %pushi/vec4 1, 0, 1;
    %store/vec4 v0x1257157e0_0, 0, 1;
    %load/vec4 v0x125715920_0;
    %flag_set/vec4 8;
    %jmp/0xz  T_1.6, 8;
    %pushi/vec4 1, 0, 3;
    %store/vec4 v0x1257151e0_0, 0, 3;
    %vpi_call 2 57 "$display", $time, " >>>>>>>>>>>>>>>>>>>>idle to start state>>>>>>>>>>>>>>>" {0 0 0};
T_1.6 ;
    %jmp T_1.5;
T_1.1 ;
    %pushi/vec4 0, 0, 1;
    %store/vec4 v0x1257157e0_0, 0, 1;
    %vpi_call 2 63 "$display", $time, " ----- start state---------" {0 0 0};
    %load/vec4 v0x1257156a0_0;
    %flag_set/vec4 8;
    %jmp/0xz  T_1.8, 8;
    %load/vec4 v0x125715150_0;
    %store/vec4 v0x125715540_0, 0, 8;
    %pushi/vec4 0, 0, 4;
    %store/vec4 v0x125714f10_0, 0, 4;
    %pushi/vec4 2, 0, 3;
    %store/vec4 v0x1257151e0_0, 0, 3;
    %vpi_call 2 68 "$display", $time, ">>>>>>>>>>>>>>>>>>start to trans>>>>>>>>>>>>>>" {0 0 0};
T_1.8 ;
    %jmp T_1.5;
T_1.2 ;
    %load/vec4 v0x1257155f0_0;
    %parti/s 1, 0, 2;
    %store/vec4 v0x1257157e0_0, 0, 1;
    %vpi_call 2 74 "$display", $time, " ----------trans state----------" {0 0 0};
    %load/vec4 v0x1257156a0_0;
    %flag_set/vec4 8;
    %jmp/0xz  T_1.10, 8;
    %load/vec4 v0x1257155f0_0;
    %ix/load 4, 1, 0;
    %flag_set/imm 4, 0;
    %shiftr 4;
    %store/vec4 v0x125715540_0, 0, 8;
    %load/vec4 v0x125714fc0_0;
    %pad/u 32;
    %cmpi/e 7, 0, 32;
    %jmp/0xz  T_1.12, 4;
    %pushi/vec4 3, 0, 3;
    %store/vec4 v0x1257151e0_0, 0, 3;
    %vpi_call 2 79 "$display", $time, " >>>>>>>>>>>>>>>>trans to stop>>>>>>>>>>>>>" {0 0 0};
    %jmp T_1.13;
T_1.12 ;
    %load/vec4 v0x125714fc0_0;
    %addi 1, 0, 4;
    %store/vec4 v0x125714f10_0, 0, 4;
T_1.13 ;
T_1.10 ;
    %jmp T_1.5;
T_1.3 ;
    %pushi/vec4 1, 0, 1;
    %store/vec4 v0x1257157e0_0, 0, 1;
    %vpi_call 2 87 "$display", $time, " -----------stop state-----------" {0 0 0};
    %load/vec4 v0x1257156a0_0;
    %flag_set/vec4 8;
    %jmp/0xz  T_1.14, 8;
    %pushi/vec4 0, 0, 3;
    %store/vec4 v0x1257151e0_0, 0, 3;
T_1.14 ;
    %jmp T_1.5;
T_1.5 ;
    %pop/vec4 1;
    %jmp T_1;
    .thread T_1, $push;
    .scope S_0x125704170;
T_2 ;
    %wait E_0x1257043b0;
    %load/vec4 v0x1257154a0_0;
    %flag_set/vec4 8;
    %jmp/0xz  T_2.0, 8;
    %pushi/vec4 0, 0, 12;
    %assign/vec4 v0x125715340_0, 0;
    %jmp T_2.1;
T_2.0 ;
    %load/vec4 v0x1257153f0_0;
    %assign/vec4 v0x125715340_0, 0;
T_2.1 ;
    %jmp T_2;
    .thread T_2;
# The file index is used to find the file name in the following table.
:file_names 3;
    "N/A";
    "<interactive>";
    "trx.v";
