#! /opt/local/bin/vvp
:ivl_version "11.0 (stable)" "(v11_0)";
:ivl_delay_selection "TYPICAL";
:vpi_time_precision - 12;
:vpi_module "/opt/local/lib/ivl/system.vpi";
:vpi_module "/opt/local/lib/ivl/vhdl_sys.vpi";
:vpi_module "/opt/local/lib/ivl/vhdl_textio.vpi";
:vpi_module "/opt/local/lib/ivl/v2005_math.vpi";
:vpi_module "/opt/local/lib/ivl/va_math.vpi";
S_0x146704270 .scope module, "uart_tx_tb" "uart_tx_tb" 2 4;
 .timescale -9 -12;
v0x146715e10_0 .var "clk", 0 0;
v0x146715ea0_0 .var "data_in", 7 0;
v0x146715f30_0 .var "reset", 0 0;
v0x146715fc0_0 .net "tx_done", 0 0, v0x146715a60_0;  1 drivers
v0x146716070_0 .var "tx_start", 0 0;
v0x146716140_0 .net "txd", 0 0, L_0x1467161f0;  1 drivers
E_0x1467043f0 .event edge, v0x146715a60_0;
S_0x146704420 .scope module, "uut" "uart_tx" 2 18, 3 7 0, S_0x146704270;
 .timescale -9 -12;
    .port_info 0 /INPUT 1 "clk";
    .port_info 1 /INPUT 1 "reset";
    .port_info 2 /INPUT 1 "tx_start";
    .port_info 3 /INPUT 8 "data_in";
    .port_info 4 /OUTPUT 1 "txd";
    .port_info 5 /OUTPUT 1 "tx_done";
L_0x1467161f0 .functor BUFZ 1, v0x146715ba0_0, C4<0>, C4<0>, C4<0>;
L_0x1380400a0 .functor BUFT 1, C4<000000000000>, C4<0>, C4<0>, C4<0>;
v0x146704770_0 .net/2u *"_ivl_10", 11 0, L_0x1380400a0;  1 drivers
L_0x1380400e8 .functor BUFT 1, C4<000000000001>, C4<0>, C4<0>, C4<0>;
v0x146714830_0 .net/2u *"_ivl_12", 11 0, L_0x1380400e8;  1 drivers
v0x1467148d0_0 .net *"_ivl_14", 11 0, L_0x146716590;  1 drivers
v0x146714980_0 .net *"_ivl_18", 31 0, L_0x146716850;  1 drivers
v0x146714a30_0 .net *"_ivl_2", 31 0, L_0x1467162a0;  1 drivers
L_0x138040130 .functor BUFT 1, C4<00000000000000000000>, C4<0>, C4<0>, C4<0>;
v0x146714b20_0 .net *"_ivl_21", 19 0, L_0x138040130;  1 drivers
L_0x138040178 .functor BUFT 1, C4<00000000000000000000101000101100>, C4<0>, C4<0>, C4<0>;
v0x146714bd0_0 .net/2u *"_ivl_22", 31 0, L_0x138040178;  1 drivers
v0x146714c80_0 .net *"_ivl_24", 0 0, L_0x146716970;  1 drivers
L_0x1380401c0 .functor BUFT 1, C4<01>, C4<0>, C4<0>, C4<0>;
v0x146714d20_0 .net/2s *"_ivl_26", 1 0, L_0x1380401c0;  1 drivers
L_0x138040208 .functor BUFT 1, C4<00>, C4<0>, C4<0>, C4<0>;
v0x146714e30_0 .net/2s *"_ivl_28", 1 0, L_0x138040208;  1 drivers
v0x146714ee0_0 .net *"_ivl_30", 1 0, L_0x146716a90;  1 drivers
L_0x138040010 .functor BUFT 1, C4<00000000000000000000>, C4<0>, C4<0>, C4<0>;
v0x146714f90_0 .net *"_ivl_5", 19 0, L_0x138040010;  1 drivers
L_0x138040058 .functor BUFT 1, C4<00000000000000000000101000101100>, C4<0>, C4<0>, C4<0>;
v0x146715040_0 .net/2u *"_ivl_6", 31 0, L_0x138040058;  1 drivers
v0x1467150f0_0 .net *"_ivl_8", 0 0, L_0x146716450;  1 drivers
v0x146715190_0 .net "clk", 0 0, v0x146715e10_0;  1 drivers
v0x146715230_0 .var "count_next", 3 0;
v0x1467152e0_0 .var "count_reg", 3 0;
v0x146715470_0 .net "data_in", 7 0, v0x146715ea0_0;  1 drivers
v0x146715500_0 .var "ns", 2 0;
v0x1467155b0_0 .var "ps", 2 0;
v0x146715660_0 .var "q", 11 0;
v0x146715710_0 .net "q_next", 11 0, L_0x1467166f0;  1 drivers
v0x1467157c0_0 .net "reset", 0 0, v0x146715f30_0;  1 drivers
v0x146715860_0 .var "sbuf_next", 7 0;
v0x146715910_0 .var "sbuf_reg", 7 0;
v0x1467159c0_0 .net "tick", 0 0, L_0x146716bf0;  1 drivers
v0x146715a60_0 .var "tx_done", 0 0;
v0x146715b00_0 .var "tx_next", 0 0;
v0x146715ba0_0 .var "tx_reg", 0 0;
v0x146715c40_0 .net "tx_start", 0 0, v0x146716070_0;  1 drivers
v0x146715ce0_0 .net "txd", 0 0, L_0x1467161f0;  alias, 1 drivers
E_0x1467046b0 .event posedge, v0x1467157c0_0, v0x146715190_0;
E_0x146704700/0 .event edge, v0x1467155b0_0, v0x146715910_0, v0x1467152e0_0, v0x146715ba0_0;
E_0x146704700/1 .event edge, v0x146715c40_0, v0x1467159c0_0, v0x146715470_0;
E_0x146704700 .event/or E_0x146704700/0, E_0x146704700/1;
L_0x1467162a0 .concat [ 12 20 0 0], v0x146715660_0, L_0x138040010;
L_0x146716450 .cmp/eq 32, L_0x1467162a0, L_0x138040058;
L_0x146716590 .arith/sum 12, v0x146715660_0, L_0x1380400e8;
L_0x1467166f0 .functor MUXZ 12, L_0x146716590, L_0x1380400a0, L_0x146716450, C4<>;
L_0x146716850 .concat [ 12 20 0 0], v0x146715660_0, L_0x138040130;
L_0x146716970 .cmp/eq 32, L_0x146716850, L_0x138040178;
L_0x146716a90 .functor MUXZ 2, L_0x138040208, L_0x1380401c0, L_0x146716970, C4<>;
L_0x146716bf0 .part L_0x146716a90, 0, 1;
    .scope S_0x146704420;
T_0 ;
    %wait E_0x1467046b0;
    %load/vec4 v0x1467157c0_0;
    %flag_set/vec4 8;
    %jmp/0xz  T_0.0, 8;
    %pushi/vec4 0, 0, 3;
    %assign/vec4 v0x1467155b0_0, 0;
    %pushi/vec4 0, 0, 8;
    %assign/vec4 v0x146715910_0, 0;
    %pushi/vec4 0, 0, 4;
    %assign/vec4 v0x1467152e0_0, 0;
    %pushi/vec4 1, 0, 1;
    %assign/vec4 v0x146715ba0_0, 0;
    %pushi/vec4 0, 0, 1;
    %assign/vec4 v0x146715a60_0, 0;
    %jmp T_0.1;
T_0.0 ;
    %load/vec4 v0x146715500_0;
    %assign/vec4 v0x1467155b0_0, 0;
    %load/vec4 v0x146715860_0;
    %assign/vec4 v0x146715910_0, 0;
    %load/vec4 v0x146715230_0;
    %assign/vec4 v0x1467152e0_0, 0;
    %load/vec4 v0x146715b00_0;
    %assign/vec4 v0x146715ba0_0, 0;
    %load/vec4 v0x1467155b0_0;
    %cmpi/e 3, 0, 3;
    %jmp/0xz  T_0.2, 4;
    %pushi/vec4 1, 0, 1;
    %assign/vec4 v0x146715a60_0, 0;
    %jmp T_0.3;
T_0.2 ;
    %pushi/vec4 0, 0, 1;
    %assign/vec4 v0x146715a60_0, 0;
T_0.3 ;
T_0.1 ;
    %jmp T_0;
    .thread T_0;
    .scope S_0x146704420;
T_1 ;
    %wait E_0x146704700;
    %load/vec4 v0x1467155b0_0;
    %store/vec4 v0x146715500_0, 0, 3;
    %load/vec4 v0x146715910_0;
    %store/vec4 v0x146715860_0, 0, 8;
    %load/vec4 v0x1467152e0_0;
    %store/vec4 v0x146715230_0, 0, 4;
    %load/vec4 v0x146715ba0_0;
    %store/vec4 v0x146715b00_0, 0, 1;
    %load/vec4 v0x1467155b0_0;
    %dup/vec4;
    %pushi/vec4 0, 0, 3;
    %cmp/u;
    %jmp/1 T_1.0, 6;
    %dup/vec4;
    %pushi/vec4 1, 0, 3;
    %cmp/u;
    %jmp/1 T_1.1, 6;
    %dup/vec4;
    %pushi/vec4 2, 0, 3;
    %cmp/u;
    %jmp/1 T_1.2, 6;
    %dup/vec4;
    %pushi/vec4 3, 0, 3;
    %cmp/u;
    %jmp/1 T_1.3, 6;
    %pushi/vec4 0, 0, 3;
    %store/vec4 v0x146715500_0, 0, 3;
    %jmp T_1.5;
T_1.0 ;
    %vpi_call 3 54 "$display", $time, " -----  idle state--------" {0 0 0};
    %pushi/vec4 1, 0, 1;
    %store/vec4 v0x146715b00_0, 0, 1;
    %load/vec4 v0x146715c40_0;
    %flag_set/vec4 8;
    %jmp/0xz  T_1.6, 8;
    %pushi/vec4 1, 0, 3;
    %store/vec4 v0x146715500_0, 0, 3;
    %vpi_call 3 58 "$display", $time, " >>>>>>>>>>>>>>>>>>>>idle to start state>>>>>>>>>>>>>>>" {0 0 0};
T_1.6 ;
    %jmp T_1.5;
T_1.1 ;
    %pushi/vec4 0, 0, 1;
    %store/vec4 v0x146715b00_0, 0, 1;
    %vpi_call 3 64 "$display", $time, " ----- start state---------" {0 0 0};
    %load/vec4 v0x1467159c0_0;
    %flag_set/vec4 8;
    %jmp/0xz  T_1.8, 8;
    %load/vec4 v0x146715470_0;
    %store/vec4 v0x146715860_0, 0, 8;
    %pushi/vec4 0, 0, 4;
    %store/vec4 v0x146715230_0, 0, 4;
    %pushi/vec4 2, 0, 3;
    %store/vec4 v0x146715500_0, 0, 3;
    %vpi_call 3 69 "$display", $time, ">>>>>>>>>>>>>>>>>>start to trans>>>>>>>>>>>>>>" {0 0 0};
T_1.8 ;
    %jmp T_1.5;
T_1.2 ;
    %load/vec4 v0x146715910_0;
    %parti/s 1, 0, 2;
    %store/vec4 v0x146715b00_0, 0, 1;
    %vpi_call 3 75 "$display", $time, " ----------trans state----------" {0 0 0};
    %load/vec4 v0x1467159c0_0;
    %flag_set/vec4 8;
    %jmp/0xz  T_1.10, 8;
    %load/vec4 v0x146715910_0;
    %ix/load 4, 1, 0;
    %flag_set/imm 4, 0;
    %shiftr 4;
    %store/vec4 v0x146715860_0, 0, 8;
    %load/vec4 v0x1467152e0_0;
    %pad/u 32;
    %cmpi/e 7, 0, 32;
    %jmp/0xz  T_1.12, 4;
    %pushi/vec4 3, 0, 3;
    %store/vec4 v0x146715500_0, 0, 3;
    %vpi_call 3 80 "$display", $time, " >>>>>>>>>>>>>>>>trans to stop>>>>>>>>>>>>>" {0 0 0};
    %jmp T_1.13;
T_1.12 ;
    %load/vec4 v0x1467152e0_0;
    %addi 1, 0, 4;
    %store/vec4 v0x146715230_0, 0, 4;
T_1.13 ;
T_1.10 ;
    %jmp T_1.5;
T_1.3 ;
    %pushi/vec4 1, 0, 1;
    %store/vec4 v0x146715b00_0, 0, 1;
    %vpi_call 3 88 "$display", $time, " -----------stop state-----------" {0 0 0};
    %load/vec4 v0x1467159c0_0;
    %flag_set/vec4 8;
    %jmp/0xz  T_1.14, 8;
    %pushi/vec4 0, 0, 3;
    %store/vec4 v0x146715500_0, 0, 3;
T_1.14 ;
    %jmp T_1.5;
T_1.5 ;
    %pop/vec4 1;
    %jmp T_1;
    .thread T_1, $push;
    .scope S_0x146704420;
T_2 ;
    %wait E_0x1467046b0;
    %load/vec4 v0x1467157c0_0;
    %flag_set/vec4 8;
    %jmp/0xz  T_2.0, 8;
    %pushi/vec4 0, 0, 12;
    %assign/vec4 v0x146715660_0, 0;
    %jmp T_2.1;
T_2.0 ;
    %load/vec4 v0x146715710_0;
    %assign/vec4 v0x146715660_0, 0;
T_2.1 ;
    %jmp T_2;
    .thread T_2;
    .scope S_0x146704270;
T_3 ;
    %pushi/vec4 0, 0, 1;
    %store/vec4 v0x146715e10_0, 0, 1;
    %end;
    .thread T_3;
    .scope S_0x146704270;
T_4 ;
    %delay 10000, 0;
    %load/vec4 v0x146715e10_0;
    %inv;
    %store/vec4 v0x146715e10_0, 0, 1;
    %jmp T_4;
    .thread T_4;
    .scope S_0x146704270;
T_5 ;
    %vpi_call 2 29 "$monitor", $time, " | tx_start=%b | data_in=%h | txd=%b | tx_done=%b", v0x146716070_0, v0x146715ea0_0, v0x146716140_0, v0x146715fc0_0 {0 0 0};
    %pushi/vec4 1, 0, 1;
    %store/vec4 v0x146715f30_0, 0, 1;
    %pushi/vec4 0, 0, 1;
    %store/vec4 v0x146716070_0, 0, 1;
    %pushi/vec4 0, 0, 8;
    %store/vec4 v0x146715ea0_0, 0, 8;
    %delay 40000, 0;
    %pushi/vec4 0, 0, 1;
    %store/vec4 v0x146715f30_0, 0, 1;
    %delay 20000, 0;
    %pushi/vec4 1, 0, 1;
    %store/vec4 v0x146716070_0, 0, 1;
    %pushi/vec4 85, 0, 8;
    %store/vec4 v0x146715ea0_0, 0, 8;
    %delay 20000, 0;
    %pushi/vec4 0, 0, 1;
    %store/vec4 v0x146716070_0, 0, 1;
T_5.0 ;
    %load/vec4 v0x146715fc0_0;
    %cmpi/ne 1, 0, 1;
    %jmp/0xz T_5.1, 6;
    %wait E_0x1467043f0;
    %jmp T_5.0;
T_5.1 ;
    %vpi_call 2 48 "$display", "Transmission complete for data: %h", v0x146715ea0_0 {0 0 0};
    %delay 40000, 0;
    %pushi/vec4 1, 0, 1;
    %store/vec4 v0x146716070_0, 0, 1;
    %pushi/vec4 170, 0, 8;
    %store/vec4 v0x146715ea0_0, 0, 8;
    %delay 20000, 0;
    %pushi/vec4 0, 0, 1;
    %store/vec4 v0x146716070_0, 0, 1;
T_5.2 ;
    %load/vec4 v0x146715fc0_0;
    %cmpi/ne 1, 0, 1;
    %jmp/0xz T_5.3, 6;
    %wait E_0x1467043f0;
    %jmp T_5.2;
T_5.3 ;
    %vpi_call 2 60 "$display", "Transmission complete for data: %h", v0x146715ea0_0 {0 0 0};
    %delay 40000, 0;
    %pushi/vec4 1, 0, 1;
    %store/vec4 v0x146716070_0, 0, 1;
    %pushi/vec4 240, 0, 8;
    %store/vec4 v0x146715ea0_0, 0, 8;
    %delay 20000, 0;
    %pushi/vec4 0, 0, 1;
    %store/vec4 v0x146716070_0, 0, 1;
T_5.4 ;
    %load/vec4 v0x146715fc0_0;
    %cmpi/ne 1, 0, 1;
    %jmp/0xz T_5.5, 6;
    %wait E_0x1467043f0;
    %jmp T_5.4;
T_5.5 ;
    %vpi_call 2 72 "$display", "Transmission complete for data: %h", v0x146715ea0_0 {0 0 0};
    %delay 50000, 0;
    %vpi_call 2 75 "$finish" {0 0 0};
    %end;
    .thread T_5;
# The file index is used to find the file name in the following table.
:file_names 4;
    "N/A";
    "<interactive>";
    "trx_tb.v";
    "./trx.v";
