#! /opt/local/bin/vvp
:ivl_version "11.0 (stable)" "(v11_0)";
:ivl_delay_selection "TYPICAL";
:vpi_time_precision - 12;
:vpi_module "/opt/local/lib/ivl/system.vpi";
:vpi_module "/opt/local/lib/ivl/vhdl_sys.vpi";
:vpi_module "/opt/local/lib/ivl/vhdl_textio.vpi";
:vpi_module "/opt/local/lib/ivl/v2005_math.vpi";
:vpi_module "/opt/local/lib/ivl/va_math.vpi";
S_0x144f04cd0 .scope module, "baud_gen" "baud_gen" 2 2;
 .timescale -9 -12;
    .port_info 0 /INPUT 1 "clk";
    .port_info 1 /INPUT 1 "reset";
    .port_info 2 /OUTPUT 12 "q";
    .port_info 3 /OUTPUT 1 "tick";
P_0x144f056e0 .param/l "MAX_CNT" 0 2 6, +C4<00000000000000000000101000101100>;
o0x138030010 .functor BUFZ 1, C4<z>; HiZ drive
v0x144f088a0_0 .net "clk", 0 0, o0x138030010;  0 drivers
v0x144f18840_0 .var "q", 11 0;
o0x138030070 .functor BUFZ 1, C4<z>; HiZ drive
v0x144f188e0_0 .net "reset", 0 0, o0x138030070;  0 drivers
v0x144f18990_0 .var "tick", 0 0;
E_0x144f08510 .event posedge, v0x144f188e0_0, v0x144f088a0_0;
    .scope S_0x144f04cd0;
T_0 ;
    %wait E_0x144f08510;
    %load/vec4 v0x144f188e0_0;
    %flag_set/vec4 8;
    %jmp/0xz  T_0.0, 8;
    %pushi/vec4 0, 0, 12;
    %assign/vec4 v0x144f18840_0, 0;
    %pushi/vec4 0, 0, 1;
    %assign/vec4 v0x144f18990_0, 0;
    %jmp T_0.1;
T_0.0 ;
    %load/vec4 v0x144f18840_0;
    %pad/u 32;
    %cmpi/e 2604, 0, 32;
    %jmp/0xz  T_0.2, 4;
    %pushi/vec4 0, 0, 12;
    %assign/vec4 v0x144f18840_0, 0;
    %pushi/vec4 1, 0, 1;
    %assign/vec4 v0x144f18990_0, 0;
    %jmp T_0.3;
T_0.2 ;
    %load/vec4 v0x144f18840_0;
    %addi 1, 0, 12;
    %assign/vec4 v0x144f18840_0, 0;
    %pushi/vec4 0, 0, 1;
    %assign/vec4 v0x144f18990_0, 0;
T_0.3 ;
T_0.1 ;
    %jmp T_0;
    .thread T_0;
# The file index is used to find the file name in the following table.
:file_names 3;
    "N/A";
    "<interactive>";
    "baud_rate_generator.v";
