#! /opt/local/bin/vvp
:ivl_version "11.0 (stable)" "(v11_0)";
:ivl_delay_selection "TYPICAL";
:vpi_time_precision - 12;
:vpi_module "/opt/local/lib/ivl/system.vpi";
:vpi_module "/opt/local/lib/ivl/vhdl_sys.vpi";
:vpi_module "/opt/local/lib/ivl/vhdl_textio.vpi";
:vpi_module "/opt/local/lib/ivl/v2005_math.vpi";
:vpi_module "/opt/local/lib/ivl/va_math.vpi";
S_0x14ae05be0 .scope module, "tb_baud" "tb_baud" 2 4;
 .timescale -9 -12;
v0x14ae1a6e0_0 .var "clk", 0 0;
v0x14ae1a780_0 .net "q", 11 0, v0x14ae1a500_0;  1 drivers
v0x14ae1a830_0 .var "reset", 0 0;
v0x14ae1a900_0 .net "tick", 0 0, v0x14ae1a630_0;  1 drivers
S_0x14ae0a4d0 .scope module, "DUT" "baud_gen" 2 9, 3 2 0, S_0x14ae05be0;
 .timescale -9 -12;
    .port_info 0 /INPUT 1 "clk";
    .port_info 1 /INPUT 1 "reset";
    .port_info 2 /OUTPUT 12 "q";
    .port_info 3 /OUTPUT 1 "tick";
P_0x14ae04320 .param/l "MAX_CNT" 0 3 6, +C4<00000000000000000000101000101100>;
v0x14ae062b0_0 .net "clk", 0 0, v0x14ae1a6e0_0;  1 drivers
v0x14ae1a500_0 .var "q", 11 0;
v0x14ae1a5a0_0 .net "reset", 0 0, v0x14ae1a830_0;  1 drivers
v0x14ae1a630_0 .var "tick", 0 0;
E_0x14ae06660 .event posedge, v0x14ae1a5a0_0, v0x14ae062b0_0;
    .scope S_0x14ae0a4d0;
T_0 ;
    %wait E_0x14ae06660;
    %load/vec4 v0x14ae1a5a0_0;
    %flag_set/vec4 8;
    %jmp/0xz  T_0.0, 8;
    %pushi/vec4 0, 0, 12;
    %assign/vec4 v0x14ae1a500_0, 0;
    %pushi/vec4 0, 0, 1;
    %assign/vec4 v0x14ae1a630_0, 0;
    %jmp T_0.1;
T_0.0 ;
    %load/vec4 v0x14ae1a500_0;
    %pad/u 32;
    %cmpi/e 2604, 0, 32;
    %jmp/0xz  T_0.2, 4;
    %pushi/vec4 0, 0, 12;
    %assign/vec4 v0x14ae1a500_0, 0;
    %pushi/vec4 1, 0, 1;
    %assign/vec4 v0x14ae1a630_0, 0;
    %jmp T_0.3;
T_0.2 ;
    %load/vec4 v0x14ae1a500_0;
    %addi 1, 0, 12;
    %assign/vec4 v0x14ae1a500_0, 0;
    %pushi/vec4 0, 0, 1;
    %assign/vec4 v0x14ae1a630_0, 0;
T_0.3 ;
T_0.1 ;
    %jmp T_0;
    .thread T_0;
    .scope S_0x14ae05be0;
T_1 ;
    %pushi/vec4 0, 0, 1;
    %store/vec4 v0x14ae1a6e0_0, 0, 1;
    %pushi/vec4 1, 0, 1;
    %store/vec4 v0x14ae1a830_0, 0, 1;
    %delay 11000, 0;
    %pushi/vec4 0, 0, 1;
    %store/vec4 v0x14ae1a830_0, 0, 1;
    %delay 1000000000, 0;
    %vpi_call 2 15 "$finish" {0 0 0};
    %end;
    .thread T_1;
    .scope S_0x14ae05be0;
T_2 ;
    %delay 10000, 0;
    %load/vec4 v0x14ae1a6e0_0;
    %inv;
    %store/vec4 v0x14ae1a6e0_0, 0, 1;
    %jmp T_2;
    .thread T_2;
    .scope S_0x14ae05be0;
T_3 ;
    %vpi_call 2 21 "$dumpfile", "baud_wave.vcd" {0 0 0};
    %vpi_call 2 22 "$dumpvars", 32'sb00000000000000000000000000000001, S_0x14ae05be0 {0 0 0};
    %end;
    .thread T_3;
# The file index is used to find the file name in the following table.
:file_names 4;
    "N/A";
    "<interactive>";
    "baud_tb.v";
    "./baud_rate_generator.v";
