#! /opt/local/bin/vvp
:ivl_version "11.0 (stable)" "(v11_0)";
:ivl_delay_selection "TYPICAL";
:vpi_time_precision + 0;
:vpi_module "/opt/local/lib/ivl/system.vpi";
:vpi_module "/opt/local/lib/ivl/vhdl_sys.vpi";
:vpi_module "/opt/local/lib/ivl/vhdl_textio.vpi";
:vpi_module "/opt/local/lib/ivl/v2005_math.vpi";
:vpi_module "/opt/local/lib/ivl/va_math.vpi";
S_0x15370e210 .scope module, "uart_rx" "uart_rx" 2 6;
 .timescale 0 0;
    .port_info 0 /INPUT 1 "clk";
    .port_info 1 /INPUT 1 "reset";
    .port_info 2 /INPUT 1 "rxd";
    .port_info 3 /OUTPUT 1 "rx_done";
    .port_info 4 /OUTPUT 8 "data_out";
    .port_info 5 /OUTPUT 1 "tick";
L_0x153723a20 .functor BUFZ 8, v0x153724400_0, C4<00000000>, C4<00000000>, C4<00000000>;
L_0x1580780a0 .functor BUFT 1, C4<0000000000000>, C4<0>, C4<0>, C4<0>;
v0x15370fea0_0 .net/2u *"_ivl_10", 12 0, L_0x1580780a0;  1 drivers
L_0x1580780e8 .functor BUFT 1, C4<0000000000001>, C4<0>, C4<0>, C4<0>;
v0x153723470_0 .net/2u *"_ivl_12", 12 0, L_0x1580780e8;  1 drivers
v0x153723520_0 .net *"_ivl_14", 12 0, L_0x1537248f0;  1 drivers
v0x1537235e0_0 .net *"_ivl_18", 31 0, L_0x153724bb0;  1 drivers
v0x153723690_0 .net *"_ivl_2", 31 0, L_0x153724600;  1 drivers
L_0x158078130 .functor BUFT 1, C4<0000000000000000000>, C4<0>, C4<0>, C4<0>;
v0x153723780_0 .net *"_ivl_21", 18 0, L_0x158078130;  1 drivers
L_0x158078178 .functor BUFT 1, C4<00000000000000000000010100010110>, C4<0>, C4<0>, C4<0>;
v0x153723830_0 .net/2u *"_ivl_22", 31 0, L_0x158078178;  1 drivers
L_0x158078010 .functor BUFT 1, C4<0000000000000000000>, C4<0>, C4<0>, C4<0>;
v0x1537238e0_0 .net *"_ivl_5", 18 0, L_0x158078010;  1 drivers
L_0x158078058 .functor BUFT 1, C4<00000000000000000000101000101100>, C4<0>, C4<0>, C4<0>;
v0x153723990_0 .net/2u *"_ivl_6", 31 0, L_0x158078058;  1 drivers
v0x153723aa0_0 .net *"_ivl_8", 0 0, L_0x1537247b0;  1 drivers
o0x1580401f0 .functor BUFZ 1, C4<z>; HiZ drive
v0x153723b40_0 .net "clk", 0 0, o0x1580401f0;  0 drivers
v0x153723be0_0 .var "count_next", 2 0;
v0x153723c90_0 .var "count_reg", 2 0;
v0x153723d40_0 .net "data_out", 7 0, L_0x153723a20;  1 drivers
v0x153723df0_0 .var "ns", 2 0;
v0x153723ea0_0 .var "ps", 2 0;
v0x153723f50_0 .var "q", 12 0;
v0x1537240e0_0 .net "q_next", 12 0, L_0x153724a50;  1 drivers
o0x158040370 .functor BUFZ 1, C4<z>; HiZ drive
v0x153724170_0 .net "reset", 0 0, o0x158040370;  0 drivers
v0x153724210_0 .var "rx_done", 0 0;
o0x1580403d0 .functor BUFZ 1, C4<z>; HiZ drive
v0x1537242b0_0 .net "rxd", 0 0, o0x1580403d0;  0 drivers
v0x153724350_0 .var "sbuf_next", 7 0;
v0x153724400_0 .var "sbuf_reg", 7 0;
v0x1537244b0_0 .net "tick", 0 0, L_0x153724cd0;  1 drivers
E_0x153710080 .event posedge, v0x153724170_0, v0x153723b40_0;
E_0x153705bd0/0 .event edge, v0x153723ea0_0, v0x153724400_0, v0x153723c90_0, v0x1537242b0_0;
E_0x153705bd0/1 .event edge, v0x1537244b0_0, v0x153724350_0;
E_0x153705bd0 .event/or E_0x153705bd0/0, E_0x153705bd0/1;
E_0x153713480 .event posedge, v0x153723b40_0;
L_0x153724600 .concat [ 13 19 0 0], v0x153723f50_0, L_0x158078010;
L_0x1537247b0 .cmp/eq 32, L_0x153724600, L_0x158078058;
L_0x1537248f0 .arith/sum 13, v0x153723f50_0, L_0x1580780e8;
L_0x153724a50 .functor MUXZ 13, L_0x1537248f0, L_0x1580780a0, L_0x1537247b0, C4<>;
L_0x153724bb0 .concat [ 13 19 0 0], v0x153723f50_0, L_0x158078130;
L_0x153724cd0 .cmp/eq 32, L_0x153724bb0, L_0x158078178;
    .scope S_0x15370e210;
T_0 ;
    %wait E_0x153713480;
    %load/vec4 v0x153724170_0;
    %flag_set/vec4 8;
    %jmp/0xz  T_0.0, 8;
    %pushi/vec4 0, 0, 8;
    %assign/vec4 v0x153724400_0, 0;
    %pushi/vec4 0, 0, 3;
    %assign/vec4 v0x153723ea0_0, 0;
    %pushi/vec4 0, 0, 3;
    %assign/vec4 v0x153723c90_0, 0;
    %pushi/vec4 0, 0, 1;
    %assign/vec4 v0x153724210_0, 0;
    %jmp T_0.1;
T_0.0 ;
    %load/vec4 v0x153723df0_0;
    %assign/vec4 v0x153723ea0_0, 0;
    %load/vec4 v0x153723be0_0;
    %assign/vec4 v0x153723c90_0, 0;
    %load/vec4 v0x153724350_0;
    %assign/vec4 v0x153724400_0, 0;
T_0.1 ;
    %jmp T_0;
    .thread T_0;
    .scope S_0x15370e210;
T_1 ;
    %wait E_0x153705bd0;
    %load/vec4 v0x153723ea0_0;
    %store/vec4 v0x153723df0_0, 0, 3;
    %load/vec4 v0x153724400_0;
    %store/vec4 v0x153724350_0, 0, 8;
    %load/vec4 v0x153723c90_0;
    %store/vec4 v0x153723be0_0, 0, 3;
    %load/vec4 v0x153723ea0_0;
    %dup/vec4;
    %pushi/vec4 0, 0, 3;
    %cmp/u;
    %jmp/1 T_1.0, 6;
    %dup/vec4;
    %pushi/vec4 1, 0, 3;
    %cmp/u;
    %jmp/1 T_1.1, 6;
    %dup/vec4;
    %pushi/vec4 2, 0, 3;
    %cmp/u;
    %jmp/1 T_1.2, 6;
    %dup/vec4;
    %pushi/vec4 3, 0, 3;
    %cmp/u;
    %jmp/1 T_1.3, 6;
    %pushi/vec4 0, 0, 3;
    %store/vec4 v0x153723df0_0, 0, 3;
    %jmp T_1.5;
T_1.0 ;
    %pushi/vec4 0, 0, 1;
    %store/vec4 v0x153724210_0, 0, 1;
    %load/vec4 v0x1537242b0_0;
    %pad/u 32;
    %cmpi/e 0, 0, 32;
    %jmp/0xz  T_1.6, 4;
    %pushi/vec4 1, 0, 3;
    %store/vec4 v0x153723df0_0, 0, 3;
T_1.6 ;
    %jmp T_1.5;
T_1.1 ;
    %load/vec4 v0x1537244b0_0;
    %load/vec4 v0x1537242b0_0;
    %pad/u 32;
    %pushi/vec4 0, 0, 32;
    %cmp/e;
    %flag_get/vec4 4;
    %and;
    %flag_set/vec4 8;
    %jmp/0xz  T_1.8, 8;
    %pushi/vec4 2, 0, 3;
    %store/vec4 v0x153723df0_0, 0, 3;
    %pushi/vec4 0, 0, 3;
    %store/vec4 v0x153723be0_0, 0, 3;
T_1.8 ;
    %jmp T_1.5;
T_1.2 ;
    %load/vec4 v0x1537244b0_0;
    %flag_set/vec4 8;
    %jmp/0xz  T_1.10, 8;
    %load/vec4 v0x1537242b0_0;
    %load/vec4 v0x153724350_0;
    %parti/s 7, 1, 2;
    %concat/vec4; draw_concat_vec4
    %store/vec4 v0x153724350_0, 0, 8;
    %load/vec4 v0x153723c90_0;
    %pad/u 32;
    %cmpi/e 7, 0, 32;
    %jmp/0xz  T_1.12, 4;
    %pushi/vec4 3, 0, 3;
    %store/vec4 v0x153723df0_0, 0, 3;
    %jmp T_1.13;
T_1.12 ;
    %load/vec4 v0x153723c90_0;
    %addi 1, 0, 3;
    %store/vec4 v0x153723be0_0, 0, 3;
T_1.13 ;
T_1.10 ;
    %jmp T_1.5;
T_1.3 ;
    %load/vec4 v0x1537244b0_0;
    %load/vec4 v0x1537242b0_0;
    %pad/u 32;
    %pushi/vec4 1, 0, 32;
    %cmp/e;
    %flag_get/vec4 4;
    %and;
    %flag_set/vec4 8;
    %jmp/0xz  T_1.14, 8;
    %pushi/vec4 0, 0, 3;
    %store/vec4 v0x153723df0_0, 0, 3;
    %pushi/vec4 1, 0, 1;
    %store/vec4 v0x153724210_0, 0, 1;
T_1.14 ;
    %jmp T_1.5;
T_1.5 ;
    %pop/vec4 1;
    %jmp T_1;
    .thread T_1, $push;
    .scope S_0x15370e210;
T_2 ;
    %wait E_0x153710080;
    %load/vec4 v0x153724170_0;
    %flag_set/vec4 8;
    %jmp/0xz  T_2.0, 8;
    %pushi/vec4 0, 0, 13;
    %assign/vec4 v0x153723f50_0, 0;
    %jmp T_2.1;
T_2.0 ;
    %load/vec4 v0x1537240e0_0;
    %assign/vec4 v0x153723f50_0, 0;
T_2.1 ;
    %jmp T_2;
    .thread T_2;
# The file index is used to find the file name in the following table.
:file_names 3;
    "N/A";
    "<interactive>";
    "rx.v";
