#! /opt/local/bin/vvp
:ivl_version "11.0 (stable)" "(v11_0)";
:ivl_delay_selection "TYPICAL";
:vpi_time_precision - 12;
:vpi_module "/opt/local/lib/ivl/system.vpi";
:vpi_module "/opt/local/lib/ivl/vhdl_sys.vpi";
:vpi_module "/opt/local/lib/ivl/vhdl_textio.vpi";
:vpi_module "/opt/local/lib/ivl/v2005_math.vpi";
:vpi_module "/opt/local/lib/ivl/va_math.vpi";
S_0x126804170 .scope module, "test_rx" "test_rx" 2 4;
 .timescale -9 -12;
v0x126815b40_0 .var "clk", 0 0;
v0x126815c00_0 .net "data_out", 7 0, L_0x126815fb0;  1 drivers
v0x126815cb0_0 .var "reset", 0 0;
v0x126815d80_0 .net "rx_done", 0 0, v0x1268154a0_0;  1 drivers
v0x126815e30_0 .var "rxd", 0 0;
v0x126815f00_0 .net "tick", 0 0, L_0x126816730;  1 drivers
S_0x1268042f0 .scope module, "UUT" "uart_rx" 2 11, 3 6 0, S_0x126804170;
 .timescale 0 0;
    .port_info 0 /INPUT 1 "clk";
    .port_info 1 /INPUT 1 "reset";
    .port_info 2 /INPUT 1 "rxd";
    .port_info 3 /OUTPUT 1 "rx_done";
    .port_info 4 /OUTPUT 8 "data_out";
    .port_info 5 /OUTPUT 1 "tick";
L_0x126815fb0 .functor BUFZ 8, v0x126815690_0, C4<00000000>, C4<00000000>, C4<00000000>;
L_0x1180400a0 .functor BUFT 1, C4<0000000000000>, C4<0>, C4<0>, C4<0>;
v0x126804640_0 .net/2u *"_ivl_10", 12 0, L_0x1180400a0;  1 drivers
L_0x1180400e8 .functor BUFT 1, C4<0000000000001>, C4<0>, C4<0>, C4<0>;
v0x126814700_0 .net/2u *"_ivl_12", 12 0, L_0x1180400e8;  1 drivers
v0x1268147b0_0 .net *"_ivl_14", 12 0, L_0x126816350;  1 drivers
v0x126814870_0 .net *"_ivl_18", 31 0, L_0x126816610;  1 drivers
v0x126814920_0 .net *"_ivl_2", 31 0, L_0x126816060;  1 drivers
L_0x118040130 .functor BUFT 1, C4<0000000000000000000>, C4<0>, C4<0>, C4<0>;
v0x126814a10_0 .net *"_ivl_21", 18 0, L_0x118040130;  1 drivers
L_0x118040178 .functor BUFT 1, C4<00000000000000000000010100010110>, C4<0>, C4<0>, C4<0>;
v0x126814ac0_0 .net/2u *"_ivl_22", 31 0, L_0x118040178;  1 drivers
L_0x118040010 .functor BUFT 1, C4<0000000000000000000>, C4<0>, C4<0>, C4<0>;
v0x126814b70_0 .net *"_ivl_5", 18 0, L_0x118040010;  1 drivers
L_0x118040058 .functor BUFT 1, C4<00000000000000000000101000101100>, C4<0>, C4<0>, C4<0>;
v0x126814c20_0 .net/2u *"_ivl_6", 31 0, L_0x118040058;  1 drivers
v0x126814d30_0 .net *"_ivl_8", 0 0, L_0x126816210;  1 drivers
v0x126814dd0_0 .net "clk", 0 0, v0x126815b40_0;  1 drivers
v0x126814e70_0 .var "count_next", 2 0;
v0x126814f20_0 .var "count_reg", 2 0;
v0x126814fd0_0 .net "data_out", 7 0, L_0x126815fb0;  alias, 1 drivers
v0x126815080_0 .var "ns", 2 0;
v0x126815130_0 .var "ps", 2 0;
v0x1268151e0_0 .var "q", 12 0;
v0x126815370_0 .net "q_next", 12 0, L_0x1268164b0;  1 drivers
v0x126815400_0 .net "reset", 0 0, v0x126815cb0_0;  1 drivers
v0x1268154a0_0 .var "rx_done", 0 0;
v0x126815540_0 .net "rxd", 0 0, v0x126815e30_0;  1 drivers
v0x1268155e0_0 .var "sbuf_next", 7 0;
v0x126815690_0 .var "sbuf_reg", 7 0;
v0x126815740_0 .net "tick", 0 0, L_0x126816730;  alias, 1 drivers
E_0x126804570 .event posedge, v0x126815400_0, v0x126814dd0_0;
E_0x1268045b0/0 .event edge, v0x126815130_0, v0x126815690_0, v0x126814f20_0, v0x126815540_0;
E_0x1268045b0/1 .event edge, v0x126815740_0, v0x1268155e0_0;
E_0x1268045b0 .event/or E_0x1268045b0/0, E_0x1268045b0/1;
E_0x126804610 .event posedge, v0x126814dd0_0;
L_0x126816060 .concat [ 13 19 0 0], v0x1268151e0_0, L_0x118040010;
L_0x126816210 .cmp/eq 32, L_0x126816060, L_0x118040058;
L_0x126816350 .arith/sum 13, v0x1268151e0_0, L_0x1180400e8;
L_0x1268164b0 .functor MUXZ 13, L_0x126816350, L_0x1180400a0, L_0x126816210, C4<>;
L_0x126816610 .concat [ 13 19 0 0], v0x1268151e0_0, L_0x118040130;
L_0x126816730 .cmp/eq 32, L_0x126816610, L_0x118040178;
S_0x126815870 .scope task, "send_byte" "send_byte" 2 33, 2 33 0, S_0x126804170;
 .timescale -9 -12;
v0x1268159e0_0 .var "data", 7 0;
v0x126815a90_0 .var/i "i", 31 0;
E_0x1268044b0 .event posedge, v0x126815740_0;
TD_test_rx.send_byte ;
    %pushi/vec4 0, 0, 32;
    %store/vec4 v0x126815a90_0, 0, 32;
T_0.0 ;
    %load/vec4 v0x126815a90_0;
    %cmpi/s 8, 0, 32;
    %jmp/0xz T_0.1, 5;
    %wait E_0x1268044b0;
    %load/vec4 v0x1268159e0_0;
    %load/vec4 v0x126815a90_0;
    %part/s 1;
    %store/vec4 v0x126815e30_0, 0, 1;
    %load/vec4 v0x126815a90_0;
    %addi 1, 0, 32;
    %store/vec4 v0x126815a90_0, 0, 32;
    %jmp T_0.0;
T_0.1 ;
    %wait E_0x1268044b0;
    %pushi/vec4 1, 0, 1;
    %store/vec4 v0x126815e30_0, 0, 1;
    %end;
    .scope S_0x1268042f0;
T_1 ;
    %wait E_0x126804610;
    %load/vec4 v0x126815400_0;
    %flag_set/vec4 8;
    %jmp/0xz  T_1.0, 8;
    %pushi/vec4 0, 0, 8;
    %assign/vec4 v0x126815690_0, 0;
    %pushi/vec4 0, 0, 3;
    %assign/vec4 v0x126815130_0, 0;
    %pushi/vec4 0, 0, 3;
    %assign/vec4 v0x126814f20_0, 0;
    %pushi/vec4 0, 0, 1;
    %assign/vec4 v0x1268154a0_0, 0;
    %jmp T_1.1;
T_1.0 ;
    %load/vec4 v0x126815080_0;
    %assign/vec4 v0x126815130_0, 0;
    %load/vec4 v0x126814e70_0;
    %assign/vec4 v0x126814f20_0, 0;
    %load/vec4 v0x1268155e0_0;
    %assign/vec4 v0x126815690_0, 0;
T_1.1 ;
    %jmp T_1;
    .thread T_1;
    .scope S_0x1268042f0;
T_2 ;
    %wait E_0x1268045b0;
    %load/vec4 v0x126815130_0;
    %store/vec4 v0x126815080_0, 0, 3;
    %load/vec4 v0x126815690_0;
    %store/vec4 v0x1268155e0_0, 0, 8;
    %load/vec4 v0x126814f20_0;
    %store/vec4 v0x126814e70_0, 0, 3;
    %load/vec4 v0x126815130_0;
    %dup/vec4;
    %pushi/vec4 0, 0, 3;
    %cmp/u;
    %jmp/1 T_2.0, 6;
    %dup/vec4;
    %pushi/vec4 1, 0, 3;
    %cmp/u;
    %jmp/1 T_2.1, 6;
    %dup/vec4;
    %pushi/vec4 2, 0, 3;
    %cmp/u;
    %jmp/1 T_2.2, 6;
    %dup/vec4;
    %pushi/vec4 3, 0, 3;
    %cmp/u;
    %jmp/1 T_2.3, 6;
    %pushi/vec4 0, 0, 3;
    %store/vec4 v0x126815080_0, 0, 3;
    %jmp T_2.5;
T_2.0 ;
    %pushi/vec4 0, 0, 1;
    %store/vec4 v0x1268154a0_0, 0, 1;
    %load/vec4 v0x126815540_0;
    %pad/u 32;
    %cmpi/e 0, 0, 32;
    %jmp/0xz  T_2.6, 4;
    %pushi/vec4 1, 0, 3;
    %store/vec4 v0x126815080_0, 0, 3;
T_2.6 ;
    %jmp T_2.5;
T_2.1 ;
    %load/vec4 v0x126815740_0;
    %load/vec4 v0x126815540_0;
    %pad/u 32;
    %pushi/vec4 0, 0, 32;
    %cmp/e;
    %flag_get/vec4 4;
    %and;
    %flag_set/vec4 8;
    %jmp/0xz  T_2.8, 8;
    %pushi/vec4 2, 0, 3;
    %store/vec4 v0x126815080_0, 0, 3;
    %pushi/vec4 0, 0, 3;
    %store/vec4 v0x126814e70_0, 0, 3;
T_2.8 ;
    %jmp T_2.5;
T_2.2 ;
    %load/vec4 v0x126815740_0;
    %flag_set/vec4 8;
    %jmp/0xz  T_2.10, 8;
    %load/vec4 v0x126815540_0;
    %load/vec4 v0x1268155e0_0;
    %parti/s 7, 1, 2;
    %concat/vec4; draw_concat_vec4
    %store/vec4 v0x1268155e0_0, 0, 8;
    %load/vec4 v0x126814f20_0;
    %pad/u 32;
    %cmpi/e 7, 0, 32;
    %jmp/0xz  T_2.12, 4;
    %pushi/vec4 3, 0, 3;
    %store/vec4 v0x126815080_0, 0, 3;
    %jmp T_2.13;
T_2.12 ;
    %load/vec4 v0x126814f20_0;
    %addi 1, 0, 3;
    %store/vec4 v0x126814e70_0, 0, 3;
T_2.13 ;
T_2.10 ;
    %jmp T_2.5;
T_2.3 ;
    %load/vec4 v0x126815740_0;
    %load/vec4 v0x126815540_0;
    %pad/u 32;
    %pushi/vec4 1, 0, 32;
    %cmp/e;
    %flag_get/vec4 4;
    %and;
    %flag_set/vec4 8;
    %jmp/0xz  T_2.14, 8;
    %pushi/vec4 0, 0, 3;
    %store/vec4 v0x126815080_0, 0, 3;
    %pushi/vec4 1, 0, 1;
    %store/vec4 v0x1268154a0_0, 0, 1;
T_2.14 ;
    %jmp T_2.5;
T_2.5 ;
    %pop/vec4 1;
    %jmp T_2;
    .thread T_2, $push;
    .scope S_0x1268042f0;
T_3 ;
    %wait E_0x126804570;
    %load/vec4 v0x126815400_0;
    %flag_set/vec4 8;
    %jmp/0xz  T_3.0, 8;
    %pushi/vec4 0, 0, 13;
    %assign/vec4 v0x1268151e0_0, 0;
    %jmp T_3.1;
T_3.0 ;
    %load/vec4 v0x126815370_0;
    %assign/vec4 v0x1268151e0_0, 0;
T_3.1 ;
    %jmp T_3;
    .thread T_3;
    .scope S_0x126804170;
T_4 ;
    %delay 10000, 0;
    %load/vec4 v0x126815b40_0;
    %inv;
    %store/vec4 v0x126815b40_0, 0, 1;
    %jmp T_4;
    .thread T_4;
    .scope S_0x126804170;
T_5 ;
    %pushi/vec4 0, 0, 1;
    %store/vec4 v0x126815b40_0, 0, 1;
    %pushi/vec4 1, 0, 1;
    %store/vec4 v0x126815e30_0, 0, 1;
    %pushi/vec4 1, 0, 1;
    %store/vec4 v0x126815cb0_0, 0, 1;
    %delay 20000, 0;
    %pushi/vec4 0, 0, 1;
    %store/vec4 v0x126815cb0_0, 0, 1;
    %delay 40000, 0;
    %pushi/vec4 0, 0, 1;
    %store/vec4 v0x126815e30_0, 0, 1;
    %pushi/vec4 165, 0, 8;
    %store/vec4 v0x1268159e0_0, 0, 8;
    %fork TD_test_rx.send_byte, S_0x126815870;
    %join;
    %pushi/vec4 90, 0, 8;
    %store/vec4 v0x1268159e0_0, 0, 8;
    %fork TD_test_rx.send_byte, S_0x126815870;
    %join;
    %pushi/vec4 1, 0, 1;
    %store/vec4 v0x126815e30_0, 0, 1;
    %delay 26040000, 0;
    %vpi_call 2 29 "$finish" {0 0 0};
    %end;
    .thread T_5;
    .scope S_0x126804170;
T_6 ;
    %vpi_call 2 46 "$monitor", "Time = %0t | RX_Done = %b | Data Out = %h", $time, v0x126815d80_0, v0x126815c00_0 {0 0 0};
    %vpi_call 2 47 "$dumpfile", "receive.vcd" {0 0 0};
    %vpi_call 2 48 "$dumpvars", 32'sb00000000000000000000000000000010, S_0x126804170 {0 0 0};
    %end;
    .thread T_6;
# The file index is used to find the file name in the following table.
:file_names 4;
    "N/A";
    "<interactive>";
    "rx_tb.v";
    "./rx.v";
